<?xml version="1.0" encoding="UTF-8"?>
<!-- Generated by org.testng.reporters.JUnitReportReporter -->
<testsuite hostname="Narasimha" failures="0" tests="1" name="SpiceJetTest.BookOneWayTicket" time="26.812" errors="0" timestamp="2024-03-25T09:51:57 IST" skipped="0">
  <testcase classname="SpiceJetTest.BookOneWayTicket" name="bookOneWayTickect" time="26.812"/>
</testsuite> <!-- SpiceJetTest.BookOneWayTicket -->
